This is pdfTeX, Version 3.141592653-2.6-1.40.25 (TeX Live 2023) (preloaded format=pdftex 2023.5.5)  8 AUG 2023 10:58
entering extended mode
 restricted \write18 enabled.
 %&-line parsing enabled.
**enc.tex
(./enc.tex
\charnum=\count27

> Encode:
origtxt
\openout15 = `encode.out'.

======= Code shift: time 658 --> mag 40 ============================
[^^M:( 13->40] [ :/ 32->47] [#:6 35->54] [$:= 36->61] [%:D 37->68]
[&:K 38->75] [':R 39->82] [(:Y 40->89] [):` 41->96] [*:g 42->103]
[+:n 43->110] [,:u 44->117] [-:| 45->124] [.:& 46->38] [/:- 47->45]
[0:4 48->52] [1:; 49->59] [2:B 50->66] [3:I 51->73] [4:P 52->80] [5:W 53->87]
[6:^ 54->94] [7:e 55->101] [8:l 56->108] [9:s 57->115] [::z 58->122]
[;:$ 59->36] [<:+ 60->43] [=:2 61->50] [>:9 62->57] [?:@ 63->64] [@:G 64->71]
[A:N 65->78] [B:U 66->85] [C:\ 67->92] [D:c 68->99] [E:j 69->106]
[F:q 70->113] [G:x 71->120] [H:" 72->34] [I:) 73->41] [J:0 74->48]
[K:7 75->55] [L:> 76->62] [M:E 77->69] [N:L 78->76] [O:S 79->83] [P:Z 80->90]
[Q:a 81->97] [R:h 82->104] [S:o 83->111] [T:v 84->118] [U:} 85->125]
[V:' 86->39] [W:. 87->46] [X:5 88->53] [Y:< 89->60] [Z:C 90->67] [[:J 91->74]
[\:Q 92->81] []:X 93->88] [^:_ 94->95] [_:f 95->102] [`:m 96->109]
[a:t 97->116] [b:{ 98->123] [c:% 99->37] [d:, 100->44] [e:3 101->51]
[f:: 102->58] [g:A 103->65] [h:H 104->72] [i:O 105->79] [j:V 106->86]
[k:] 107->93] [l:d 108->100] [m:k 109->107] [n:r 110->114] [o:y 111->121]
[p:# 112->35] [q:* 113->42] [r:1 114->49] [s:8 115->56] [t:? 116->63]
[u:F 117->70] [v:M 118->77] [w:T 119->84] [x:[ 120->91] [y:b 121->98]
[z:i 122->105] [{:p 123->112] [|:w 124->119] [}:! 125->33] [~:~( 126->40]
[!:~/ 33->47] [":~6 34->54]
(==>./encode.out)
(./origtxt.tex)
{vertical mode: \global}
{\global}
{\ifnum}
{false}
{\def}
{\fi}
{\else}

\next ->\immediate \write 15{\outline }\expandafter \ifx \csname 73\endcsname \
relax \else \expandafter \let \expandafter \1\csname 73\endcsname \expandafter 
\let \csname 73\endcsname \relax \charnum 1 \fi \checkeof 
{\immediate}
\write->\outline 

\outline ->\1\2\3\4\5\6\7\8\9\10 \11 \12 \13 \14 \15 \16 \17 \18 \19 \20 \21 \2
2 \23 \24 \25 \26 \27 \28 \29 \30 \31 \32 \33 \34 \35 \36 \37 \38 \39 \40 \41 \
42 \43 \44 \45 \46 \47 \48 \49 \50 \51 \52 \53 \54 \55 \56 \57 \58 \59 \60 \61 
\62 \63 \64 \65 \66 \67 \68 \69 \70 \71 \72 

\1-> 

\2->/

\3->)

\4->U

\5->|

\6->c

\7->Z

\8->(

\9->D

\10 ->/

\11 ->p

\12 ->Q

\13 ->v

\14 ->3

\15 ->5

\16 ->!

\17 ->{

\18 ->y

\19 ->y

\20 ->]

\21 ->u

\22 ->/

\23 ->?

\24 ->H

\25 ->3

\26 ->/

\27 ->>

\28 ->O

\29 ->?

\30 ->?

\31 ->d

\32 ->3

\33 ->/

\34 ->o

\35 ->%

\36 ->H

\37 ->3

\38 ->k

\39 ->3

\40 ->1

\41 ->&

\42 ->(

\43 ->D

\44 ->/

\45 ->]

\46 ->b

\47 ->y

\48 ->N

\49 ->r

\50 ->O

\51 ->u

\52 ->/

\53 ->%

\54 ->b

\55 ->{

\56 ->3

\57 ->1

\58 ->Z

\59 ->F

\60 ->r

\61 ->]

\62 ->u

\63 ->/

\64 ->?

\65 ->b

\66 ->#

\67 ->3

\68 ->o

\69 ->3

\70 ->?

\71 ->&

\72 ->(
{\expandafter}
{\csname}
{\ifx}
{true}
{\else}
{\relax}

\EOF ->\relax \relax 
{\relax}
{\relax}
{\endgroup}
{\immediate}
{\relax}
{\immediate}
\write->(*./encode.out)

(*./encode.out)
{blank space  }
{\end}
 )
No pages of output.
PDF statistics:
 0 PDF objects out of 1000 (max. 8388607)
 0 named destinations out of 1000 (max. 500000)
 1 words of extra memory for PDF output out of 10000 (max. 10000000)

